
> fortsmart-reports@1.0.0 build
> next build

  Γû▓ Next.js 14.2.35
  - Environments: .env.local

   Creating an optimized production build ...
 Γ£ô Compiled successfully
   Skipping linting
   Checking validity of types ...
   Collecting page data ...
   Generating static pages (0/7) ...
   Generating static pages (1/7) 
   Generating static pages (3/7) 
   Generating static pages (5/7) 
 Γ£ô Generating static pages (7/7)
   Finalizing page optimization ...
   Collecting build traces ...

Route (app)                              Size     First Load JS
Γöî Γùï /                                    8.88 kB        96.2 kB
Γö£ Γùï /_not-found                          873 B          88.2 kB
Γö£ Γùï /api/health                          0 B                0 B
Γö£ ╞Æ /api/relatorio-public                0 B                0 B
Γö£ ╞Æ /api/relatorio/[id]                  0 B                0 B
Γö£ Γùï /api/supabase-status                 0 B                0 B
Γö£ ╞Æ /r/[token]                           101 kB          188 kB
Γöö ╞Æ /relatorio/[id]                      321 B          87.7 kB
+ First Load JS shared by all            87.3 kB
  Γö£ chunks/117-10a8a8f4129e565a.js       31.7 kB
  Γö£ chunks/fd9d1056-1bd51ba1d45b445a.js  53.6 kB
  Γöö other shared chunks (total)          1.97 kB


Γùï  (Static)   prerendered as static content
╞Æ  (Dynamic)  server-rendered on demand

